<?xml version="1.0" encoding="UTF-8"?>
<!-- Generated by org.testng.reporters.JUnitXMLReporter -->
<testsuite hostname="Nagadivyas-Air.lan1" ignored="0" name="Sample test" tests="3" failures="0" timestamp="07 May 2020 22:05:34 GMT" time="33.685" errors="0">
  <testcase name="validLoginTest" time="10.057" classname="com.training.sanity.tests.LoginTests"/>
  <testcase name="accountUpdate" time="7.348" classname="com.training.sanity.tests.LoginTests"/>
  <testcase name="pwdreset" time="4.676" classname="com.training.sanity.tests.LoginTests"/>
</testsuite> <!-- Sample test -->
